5/1/2024 7:36:21 PM	This log contains information about the import schema operation into project 'Database2' on computer 'TOBR-W10' by user 'tobr'.
5/1/2024 7:36:21 PM	Import of database schema has started.
5/1/2024 7:36:25 PM	Gathering database credentials
5/1/2024 7:36:25 PM	Gathering database options
5/1/2024 7:36:25 PM	Gathering generic database scoped configuration option
5/1/2024 7:36:25 PM	Gathering users
5/1/2024 7:36:25 PM	Gathering roles
5/1/2024 7:36:25 PM	Gathering application roles
5/1/2024 7:36:25 PM	Gathering role memberships
5/1/2024 7:36:25 PM	Gathering filegroups
5/1/2024 7:36:25 PM	Gathering full-text catalogs
5/1/2024 7:36:25 PM	Gathering assemblies
5/1/2024 7:36:25 PM	Gathering certificates
5/1/2024 7:36:25 PM	Gathering asymmetric keys
5/1/2024 7:36:25 PM	Gathering symmetric keys
5/1/2024 7:36:25 PM	Gathering encrypted symmetric keys
5/1/2024 7:36:25 PM	Gathering schemas
5/1/2024 7:36:25 PM	Gathering XML schema collections
5/1/2024 7:36:25 PM	Gathering user-defined data types
5/1/2024 7:36:25 PM	Gathering user-defined types
5/1/2024 7:36:25 PM	Gathering table types
5/1/2024 7:36:25 PM	Gathering unique keys for table types
5/1/2024 7:36:25 PM	Gathering primary keys for table types
5/1/2024 7:36:25 PM	Gathering indexes for table types
5/1/2024 7:36:25 PM	Gathering check constraints for table types
5/1/2024 7:36:25 PM	Gathering default constraints for table types
5/1/2024 7:36:25 PM	Gathering partition functions
5/1/2024 7:36:25 PM	Gathering partition schemes
5/1/2024 7:36:25 PM	Gathering functions
5/1/2024 7:36:25 PM	Gathering encrypted functions
5/1/2024 7:36:25 PM	Gathering aggregates
5/1/2024 7:36:25 PM	Gathering procedures
5/1/2024 7:36:25 PM	Gathering encrypted procedures
5/1/2024 7:36:25 PM	Gathering tables
5/1/2024 7:36:25 PM	Gathering primary keys
5/1/2024 7:36:25 PM	Gathering unique constraints
5/1/2024 7:36:25 PM	Gathering foreign keys
5/1/2024 7:36:25 PM	Gathering default constraints
5/1/2024 7:36:25 PM	Gathering check constraints
5/1/2024 7:36:25 PM	Gathering views
5/1/2024 7:36:25 PM	Gathering encrypted views
5/1/2024 7:36:25 PM	Gathering indexes
5/1/2024 7:36:25 PM	Gathering statistics
5/1/2024 7:36:25 PM	Gathering full-text index stoplists
5/1/2024 7:36:25 PM	Gathering search property lists
5/1/2024 7:36:25 PM	Gathering search properties
5/1/2024 7:36:25 PM	Gathering full-text indexes
5/1/2024 7:36:25 PM	Gathering column store indexes
5/1/2024 7:36:25 PM	Gathering spatial indexes
5/1/2024 7:36:25 PM	Gathering XML indexes
5/1/2024 7:36:25 PM	Gathering Selective XML indexes
5/1/2024 7:36:25 PM	Gathering encrypted triggers
5/1/2024 7:36:25 PM	Gathering triggers
5/1/2024 7:36:25 PM	Gathering encrypted and clr ddl triggers
5/1/2024 7:36:25 PM	Gathering ddl triggers
5/1/2024 7:36:25 PM	Creating edge constraints
5/1/2024 7:36:25 PM	Gathering synonyms
5/1/2024 7:36:25 PM	Gathering defaults
5/1/2024 7:36:25 PM	Gathering data constraint uddt bindings
5/1/2024 7:36:25 PM	Gathering rules
5/1/2024 7:36:25 PM	Gathering data constraint uddt bindings
5/1/2024 7:36:25 PM	Gathering message types
5/1/2024 7:36:25 PM	Gathering queues
5/1/2024 7:36:25 PM	Gathering contracts
5/1/2024 7:36:25 PM	Gathering services
5/1/2024 7:36:25 PM	Gathering event notifications
5/1/2024 7:36:25 PM	Gathering remote service bindings
5/1/2024 7:36:25 PM	Gathering broker priorities
5/1/2024 7:36:25 PM	Gathering signatures
5/1/2024 7:36:25 PM	Gathering compression options
5/1/2024 7:36:25 PM	Gathering sequence types
5/1/2024 7:36:25 PM	Gathering security policies
5/1/2024 7:36:25 PM	Gather column encryption keys
5/1/2024 7:36:25 PM	Gathering column master keys
5/1/2024 7:36:25 PM	Gathering external data sources
5/1/2024 7:36:25 PM	Gathering external file formats
5/1/2024 7:36:25 PM	Gathering external tables
5/1/2024 7:36:25 PM	Gathering extended properties
5/1/2024 7:36:25 PM	Gathering assemblies
5/1/2024 7:36:25 PM	Gathering credentials
5/1/2024 7:36:25 PM	Gathering logins
5/1/2024 7:36:25 PM	Gathering server audits
5/1/2024 7:36:25 PM	Scanning project for duplicate elements
5/1/2024 7:36:25 PM	Finished duplicate element processing
5/1/2024 7:36:26 PM	Finished importing database.
5/1/2024 7:36:26 PM	A summary of the import was saved to the following location: C:\Users\tobr\Desktop\New folder (2)\TestSolution\sftp-xml-task\Database2\Import Schema Logs\Database2_20240501053621.log
5/1/2024 7:36:26 PM	Click Finish to continue...
